2026-04-25 16:06:58.971 | INFO     | __main__:create_app:62 - ✅ Binôme B Flask app initialized
2026-04-25 16:06:59.267 | INFO     | __main__:<module>:77 - 🚀 Starting on port 5001
2026-04-25 16:07:00.383 | INFO     | __main__:create_app:62 - ✅ Binôme B Flask app initialized
2026-04-25 16:07:00.595 | INFO     | __main__:<module>:77 - 🚀 Starting on port 5001
2026-04-25 16:08:49.828 | INFO     | __main__:create_app:62 - ✅ Binôme B Flask app initialized
2026-04-25 16:08:50.021 | INFO     | __main__:<module>:77 - 🚀 Starting on port 5001
2026-04-25 16:08:51.341 | INFO     | __main__:create_app:62 - ✅ Binôme B Flask app initialized
2026-04-25 16:08:51.617 | INFO     | __main__:<module>:77 - 🚀 Starting on port 5001
2026-04-25 16:13:37.623 | INFO     | __main__:create_app:62 - ✅ Binôme B Flask app initialized
2026-04-25 16:13:37.837 | INFO     | __main__:<module>:77 - 🚀 Starting on port 5001
2026-04-25 16:13:41.719 | INFO     | __main__:create_app:62 - ✅ Binôme B Flask app initialized
2026-04-25 16:13:41.927 | INFO     | __main__:<module>:77 - 🚀 Starting on port 5001
2026-04-25 16:17:21.795 | INFO     | __main__:create_app:62 - ✅ Binôme B Flask app initialized
2026-04-25 16:17:22.020 | INFO     | __main__:<module>:77 - 🚀 Starting on port 5001
2026-04-25 16:17:23.796 | INFO     | __main__:create_app:62 - ✅ Binôme B Flask app initialized
2026-04-25 16:17:24.092 | INFO     | __main__:<module>:77 - 🚀 Starting on port 5001
2026-04-25 16:18:13.108 | INFO     | api.routes:ingest_kpi:453 - Ingested 450 KPI records from Binôme A
2026-04-25 16:23:06.614 | INFO     | __main__:create_app:71 - ✅ Binôme B Flask app initialized
2026-04-25 16:23:06.913 | INFO     | __main__:<module>:89 - 🚀 Starting on port 5001
2026-04-25 16:23:08.336 | INFO     | __main__:create_app:71 - ✅ Binôme B Flask app initialized
2026-04-25 16:23:08.535 | INFO     | __main__:<module>:89 - 🚀 Starting on port 5001
2026-04-25 16:25:36.988 | INFO     | api.routes:ingest_kpi:453 - Ingested 450 KPI records from Binôme A
2026-04-25 16:26:06.091 | INFO     | ai_models.anomaly.detector:fit:71 - IsolationForest trained on 450 samples
2026-04-25 16:26:06.103 | INFO     | ai_models.anomaly.detector:_save:147 - Model saved → ./saved_models/isolation_forest.pkl
2026-04-25 16:26:07.304 | INFO     | ai_models.anomaly.detector:detect:120 - Detected 26/450 anomalies
2026-04-25 16:26:07.312 | INFO     | api.routes:run_anomaly_detection:140 - Anomaly detection complete: {'total_records': 450, 'anomaly_count': 26, 'anomaly_rate_pct': 5.78, 'critical': 26, 'warning': 0, 'by_institution': {('ENIM', 'critical'): 5, ('ESST', 'critical'): 4, ('FST', 'critical'): 6, ('ISET Tunis', 'critical'): 7, ('ISSAT', 'critical'): 4}}
2026-04-25 16:26:07.313 | ERROR    | api.routes:run_anomaly_detection:144 - Anomaly detection failed: keys must be str, int, float, bool or None, not tuple
2026-04-25 16:27:34.966 | INFO     | __main__:create_app:71 - ✅ Binôme B Flask app initialized
2026-04-25 16:27:35.219 | INFO     | __main__:<module>:89 - 🚀 Starting on port 5001
2026-04-25 16:27:39.159 | INFO     | __main__:create_app:71 - ✅ Binôme B Flask app initialized
2026-04-25 16:27:39.438 | INFO     | __main__:<module>:89 - 🚀 Starting on port 5001
2026-04-25 16:28:07.731 | INFO     | api.routes:ingest_kpi:453 - Ingested 450 KPI records from Binôme A
2026-04-25 16:28:15.758 | INFO     | ai_models.anomaly.detector:_load:159 - Model loaded ← ./saved_models/isolation_forest.pkl
2026-04-25 16:28:16.939 | INFO     | ai_models.anomaly.detector:detect:120 - Detected 26/450 anomalies
2026-04-25 16:28:16.945 | INFO     | api.routes:run_anomaly_detection:140 - Anomaly detection complete: {'total_records': 450, 'anomaly_count': 26, 'anomaly_rate_pct': 5.78, 'critical': 26, 'warning': 0, 'by_institution': {'ENIM__critical': 5, 'ESST__critical': 4, 'FST__critical': 6, 'ISET Tunis__critical': 7, 'ISSAT__critical': 4}}
2026-04-25 16:29:03.287 | WARNING  | ai_models.prediction.forecaster:forecast_all:143 - Forecast failed for taux_reussite: 'Prophet' object has no attribute 'stan_backend'
2026-04-25 16:29:03.289 | WARNING  | ai_models.prediction.forecaster:forecast_all:143 - Forecast failed for taux_abandon: 'Prophet' object has no attribute 'stan_backend'
2026-04-25 16:29:03.292 | WARNING  | ai_models.prediction.forecaster:forecast_all:143 - Forecast failed for budget_execute_pct: 'Prophet' object has no attribute 'stan_backend'
2026-04-25 16:29:03.301 | WARNING  | ai_models.prediction.forecaster:forecast_all:143 - Forecast failed for nb_inscriptions: 'Prophet' object has no attribute 'stan_backend'
2026-04-25 16:29:03.306 | WARNING  | ai_models.prediction.forecaster:forecast_all:143 - Forecast failed for gender_ratio: 'Prophet' object has no attribute 'stan_backend'
2026-04-25 16:30:30.635 | INFO     | __main__:create_app:71 - ✅ Binôme B Flask app initialized
2026-04-25 16:30:30.994 | INFO     | __main__:<module>:89 - 🚀 Starting on port 5001
2026-04-25 16:30:46.768 | INFO     | __main__:create_app:71 - ✅ Binôme B Flask app initialized
2026-04-25 16:30:46.948 | INFO     | __main__:<module>:89 - 🚀 Starting on port 5001
2026-04-25 16:31:49.631 | INFO     | api.routes:ingest_kpi:453 - Ingested 450 KPI records from Binôme A
2026-04-25 16:32:10.647 | INFO     | ai_models.anomaly.detector:_load:159 - Model loaded ← ./saved_models/isolation_forest.pkl
2026-04-25 16:32:11.708 | INFO     | ai_models.anomaly.detector:detect:120 - Detected 26/450 anomalies
2026-04-25 16:32:11.714 | INFO     | api.routes:run_anomaly_detection:140 - Anomaly detection complete: {'total_records': 450, 'anomaly_count': 26, 'anomaly_rate_pct': 5.78, 'critical': 26, 'warning': 0, 'by_institution': {'ENIM__critical': 5, 'ESST__critical': 4, 'FST__critical': 6, 'ISET Tunis__critical': 7, 'ISSAT__critical': 4}}
2026-04-25 16:33:33.765 | INFO     | __main__:create_app:71 - ✅ Binôme B Flask app initialized
2026-04-25 16:33:33.987 | INFO     | __main__:<module>:89 - 🚀 Starting on port 5001
2026-04-25 16:33:38.023 | INFO     | __main__:create_app:71 - ✅ Binôme B Flask app initialized
2026-04-25 16:33:38.299 | INFO     | __main__:<module>:89 - 🚀 Starting on port 5001
2026-04-25 16:34:00.248 | INFO     | api.routes:ingest_kpi:453 - Ingested 450 KPI records from Binôme A
2026-04-25 16:36:08.463 | INFO     | api.routes:ingest_kpi:453 - Ingested 450 KPI records from Binôme A
2026-04-25 16:36:23.750 | INFO     | ai_models.anomaly.detector:_load:159 - Model loaded ← ./saved_models/isolation_forest.pkl
2026-04-25 16:36:30.462 | INFO     | ai_models.anomaly.detector:detect:120 - Detected 52/900 anomalies
2026-04-25 16:36:30.470 | INFO     | api.routes:run_anomaly_detection:140 - Anomaly detection complete: {'total_records': 900, 'anomaly_count': 52, 'anomaly_rate_pct': 5.78, 'critical': 52, 'warning': 0, 'by_institution': {'ENIM__critical': 10, 'ESST__critical': 8, 'FST__critical': 12, 'ISET Tunis__critical': 14, 'ISSAT__critical': 8}}
2026-04-25 16:36:39.230 | INFO     | ai_models.anomaly.detector:_load:159 - Model loaded ← ./saved_models/isolation_forest.pkl
2026-04-25 16:36:39.910 | INFO     | ai_models.xai.explainer:setup_shap:93 - SHAP explainer initialized (isolation_forest)
2026-04-25 17:59:39.294 | INFO     | __main__:create_app:71 - ✅ Binôme B Flask app initialized
2026-04-25 17:59:39.433 | INFO     | __main__:<module>:89 - 🚀 Starting on port 5001
2026-04-25 18:03:43.370 | INFO     | __main__:create_app:71 - ✅ Binôme B Flask app initialized
2026-04-25 18:03:43.488 | INFO     | __main__:<module>:89 - 🚀 Starting on port 5001
2026-04-25 18:03:44.216 | INFO     | __main__:create_app:71 - ✅ Binôme B Flask app initialized
2026-04-25 18:03:44.335 | INFO     | __main__:<module>:89 - 🚀 Starting on port 5001
2026-04-25 18:11:51.801 | INFO     | __main__:create_app:71 - ✅ Binôme B Flask app initialized
2026-04-25 18:11:51.916 | INFO     | __main__:<module>:89 - 🚀 Starting on port 5001
2026-04-25 18:11:52.602 | INFO     | __main__:create_app:71 - ✅ Binôme B Flask app initialized
2026-04-25 18:11:52.714 | INFO     | __main__:<module>:89 - 🚀 Starting on port 5001
2026-04-25 18:30:14.300 | INFO     | api.routes:ingest_kpi:453 - Ingested 23 KPI records from Binôme A
2026-04-25 18:30:14.392 | INFO     | api.routes:ingest_kpi:453 - Ingested 1 KPI records from Binôme A
2026-04-25 18:33:58.993 | INFO     | api.routes:ingest_kpi:453 - Ingested 450 KPI records from Binôme A
2026-04-25 18:35:29.544 | INFO     | api.routes:ingest_kpi:453 - Ingested 23 KPI records from Binôme A
2026-04-25 18:35:29.634 | INFO     | api.routes:ingest_kpi:453 - Ingested 1 KPI records from Binôme A
2026-04-25 19:08:28.632 | INFO     | api.routes:ingest_kpi:453 - Ingested 450 KPI records from Binôme A
2026-04-25 19:10:53.619 | INFO     | __main__:create_app:71 - ✅ Binôme B Flask app initialized
2026-04-25 19:10:53.873 | INFO     | __main__:<module>:89 - 🚀 Starting on port 5001
2026-04-25 19:10:55.515 | INFO     | __main__:create_app:71 - ✅ Binôme B Flask app initialized
2026-04-25 19:10:55.724 | INFO     | __main__:<module>:89 - 🚀 Starting on port 5001
2026-04-25 19:14:24.142 | INFO     | __main__:create_app:71 - ✅ Binôme B Flask app initialized
2026-04-25 19:14:24.202 | INFO     | __main__:<module>:89 - 🚀 Starting on port 5001
2026-04-25 19:15:36.755 | INFO     | api.routes:ingest_kpi:453 - Ingested 450 KPI records from Binôme A
2026-04-25 19:20:31.772 | INFO     | api.routes:ingest_kpi:453 - Ingested 32 KPI records from Binôme A
2026-04-25 20:22:43.691 | INFO     | db.mongo:get_db:37 - ✅ MongoDB connected: mongodb://localhost:27017/ucar_platform
2026-04-25 20:22:43.696 | INFO     | __main__:create_app:77 - ✅ Binôme B Flask app initialized
2026-04-25 20:22:43.719 | INFO     | __main__:<module>:95 - 🚀 Starting on port 5001
2026-04-25 20:28:47.292 | INFO     | db.mongo:audit:71 - AUDIT | USER_LOGIN | user=superadmin-001 | {'email': 'admin@ucar.tn', 'role': 'superucaradmin'}
2026-04-25 20:28:51.687 | INFO     | db.mongo:audit:71 - AUDIT | UCAR_OVERVIEW_ACCESS | user=superadmin-001 | None
2026-04-25 20:28:51.897 | INFO     | db.mongo:audit:71 - AUDIT | UCAR_OVERVIEW_ACCESS | user=superadmin-001 | None
2026-04-25 20:28:52.759 | INFO     | db.mongo:audit:71 - AUDIT | INST_OVERVIEW_ACCESS | user=superadmin-001 | {'institution_id': None}
2026-04-25 20:28:53.098 | INFO     | db.mongo:audit:71 - AUDIT | INST_OVERVIEW_ACCESS | user=superadmin-001 | {'institution_id': None}
2026-04-25 20:28:53.537 | INFO     | db.mongo:audit:71 - AUDIT | UCAR_OVERVIEW_ACCESS | user=superadmin-001 | None
2026-04-25 20:28:54.325 | INFO     | db.mongo:audit:71 - AUDIT | UCAR_OVERVIEW_ACCESS | user=superadmin-001 | None
2026-04-25 20:29:11.510 | INFO     | db.mongo:audit:71 - AUDIT | INST_OVERVIEW_ACCESS | user=superadmin-001 | {'institution_id': None}
2026-04-25 20:29:11.888 | INFO     | db.mongo:audit:71 - AUDIT | INST_OVERVIEW_ACCESS | user=superadmin-001 | {'institution_id': None}
2026-04-25 20:29:17.313 | INFO     | db.mongo:audit:71 - AUDIT | UCAR_OVERVIEW_ACCESS | user=superadmin-001 | None
2026-04-25 20:29:17.912 | INFO     | db.mongo:audit:71 - AUDIT | UCAR_OVERVIEW_ACCESS | user=superadmin-001 | None
2026-04-25 20:29:18.513 | INFO     | db.mongo:audit:71 - AUDIT | INST_OVERVIEW_ACCESS | user=superadmin-001 | {'institution_id': None}
2026-04-25 20:29:18.843 | INFO     | db.mongo:audit:71 - AUDIT | INST_OVERVIEW_ACCESS | user=superadmin-001 | {'institution_id': None}
2026-04-25 20:29:22.110 | INFO     | db.mongo:audit:71 - AUDIT | UCAR_OVERVIEW_ACCESS | user=superadmin-001 | None
2026-04-25 20:29:22.328 | INFO     | db.mongo:audit:71 - AUDIT | UCAR_OVERVIEW_ACCESS | user=superadmin-001 | None
2026-04-25 20:29:32.283 | INFO     | db.mongo:audit:71 - AUDIT | UCAR_OVERVIEW_ACCESS | user=superadmin-001 | None
2026-04-25 20:29:32.861 | INFO     | db.mongo:audit:71 - AUDIT | UCAR_OVERVIEW_ACCESS | user=superadmin-001 | None
2026-04-25 20:31:35.292 | INFO     | db.mongo:audit:71 - AUDIT | USER_REGISTER | user=7697c41e-0e41-437e-bc7c-b0f0d00e6904 | {'email': 'amal.mechergui@enstab.ucar.tn', 'role': 'student', 'status': 'pending'}
2026-04-25 20:34:11.926 | INFO     | db.mongo:audit:71 - AUDIT | USER_LOGIN | user=superadmin-001 | {'email': 'admin@ucar.tn', 'role': 'superucaradmin'}
2026-04-25 20:34:15.768 | INFO     | db.mongo:audit:71 - AUDIT | UCAR_OVERVIEW_ACCESS | user=superadmin-001 | None
2026-04-25 20:34:16.218 | INFO     | db.mongo:audit:71 - AUDIT | UCAR_OVERVIEW_ACCESS | user=superadmin-001 | None
2026-04-25 20:34:28.624 | INFO     | db.mongo:audit:71 - AUDIT | INST_OVERVIEW_ACCESS | user=superadmin-001 | {'institution_id': None}
2026-04-25 20:34:28.994 | INFO     | db.mongo:audit:71 - AUDIT | INST_OVERVIEW_ACCESS | user=superadmin-001 | {'institution_id': None}
2026-04-25 20:34:34.131 | INFO     | db.mongo:audit:71 - AUDIT | UCAR_OVERVIEW_ACCESS | user=superadmin-001 | None
2026-04-25 20:34:34.397 | INFO     | db.mongo:audit:71 - AUDIT | UCAR_OVERVIEW_ACCESS | user=superadmin-001 | None
2026-04-25 20:34:35.878 | INFO     | db.mongo:audit:71 - AUDIT | INST_OVERVIEW_ACCESS | user=superadmin-001 | {'institution_id': None}
2026-04-25 20:34:36.214 | INFO     | db.mongo:audit:71 - AUDIT | INST_OVERVIEW_ACCESS | user=superadmin-001 | {'institution_id': None}
2026-04-25 20:34:41.575 | INFO     | db.mongo:audit:71 - AUDIT | UCAR_OVERVIEW_ACCESS | user=superadmin-001 | None
2026-04-25 20:34:42.114 | INFO     | db.mongo:audit:71 - AUDIT | UCAR_OVERVIEW_ACCESS | user=superadmin-001 | None
2026-04-25 20:35:07.588 | INFO     | db.mongo:audit:71 - AUDIT | USER_APPROVED | user=superadmin-001 | {'target_user_id': '7697c41e-0e41-437e-bc7c-b0f0d00e6904'}
2026-04-25 20:35:08.114 | INFO     | db.mongo:audit:71 - AUDIT | UCAR_OVERVIEW_ACCESS | user=superadmin-001 | None
2026-04-25 20:35:33.313 | INFO     | db.mongo:audit:71 - AUDIT | USER_LOGIN | user=7697c41e-0e41-437e-bc7c-b0f0d00e6904 | {'email': 'amal.mechergui@enstab.ucar.tn', 'role': 'student'}
2026-04-25 21:18:44.989 | INFO     | db.mongo:audit:71 - AUDIT | USER_LOGIN | user=superadmin-001 | {'email': 'admin@ucar.tn', 'role': 'superucaradmin'}
2026-04-25 21:18:45.972 | INFO     | db.mongo:audit:71 - AUDIT | UCAR_OVERVIEW_ACCESS | user=superadmin-001 | None
2026-04-25 21:18:46.988 | INFO     | db.mongo:audit:71 - AUDIT | UCAR_OVERVIEW_ACCESS | user=superadmin-001 | None
2026-04-25 21:18:54.463 | INFO     | db.mongo:audit:71 - AUDIT | INST_OVERVIEW_ACCESS | user=superadmin-001 | {'institution_id': None}
2026-04-25 21:18:54.853 | INFO     | db.mongo:audit:71 - AUDIT | INST_OVERVIEW_ACCESS | user=superadmin-001 | {'institution_id': None}
2026-04-25 21:18:57.820 | INFO     | db.mongo:audit:71 - AUDIT | UCAR_OVERVIEW_ACCESS | user=superadmin-001 | None
2026-04-25 21:18:58.015 | INFO     | db.mongo:audit:71 - AUDIT | INST_OVERVIEW_ACCESS | user=superadmin-001 | {'institution_id': None}
2026-04-25 21:18:58.417 | INFO     | db.mongo:audit:71 - AUDIT | INST_OVERVIEW_ACCESS | user=superadmin-001 | {'institution_id': None}
2026-04-25 21:18:58.994 | INFO     | db.mongo:audit:71 - AUDIT | UCAR_OVERVIEW_ACCESS | user=superadmin-001 | None
2026-04-25 21:19:11.628 | INFO     | db.mongo:audit:71 - AUDIT | UCAR_OVERVIEW_ACCESS | user=superadmin-001 | None
2026-04-25 21:19:12.747 | INFO     | db.mongo:audit:71 - AUDIT | UCAR_OVERVIEW_ACCESS | user=superadmin-001 | None
2026-04-25 23:13:41.262 | INFO     | db.mongo:get_db:37 - ✅ MongoDB connected: mongodb://localhost:27017/ucar_platform
2026-04-25 23:13:41.276 | INFO     | __main__:create_app:81 - ✅ Binôme B Flask app initialized
2026-04-25 23:13:41.309 | INFO     | __main__:<module>:99 - 🚀 Starting on port 5001
2026-04-25 23:16:05.641 | INFO     | db.mongo:get_db:37 - ✅ MongoDB connected: mongodb://localhost:27017/ucar_platform
2026-04-25 23:16:05.649 | INFO     | __main__:create_app:81 - ✅ Binôme B Flask app initialized
2026-04-25 23:16:05.672 | INFO     | __main__:<module>:99 - 🚀 Starting on port 5001
2026-04-25 23:19:08.891 | INFO     | db.mongo:audit:76 - AUDIT | USER_LOGIN | user=superadmin-001 | {'email': 'admin@ucar.tn', 'role': 'superucaradmin'}
2026-04-25 23:19:09.755 | INFO     | db.mongo:audit:76 - AUDIT | UCAR_OVERVIEW_ACCESS | user=superadmin-001 | None
2026-04-25 23:19:10.338 | INFO     | db.mongo:audit:76 - AUDIT | UCAR_OVERVIEW_ACCESS | user=superadmin-001 | None
2026-04-25 23:19:28.711 | INFO     | db.mongo:audit:76 - AUDIT | INST_OVERVIEW_ACCESS | user=superadmin-001 | {'institution_id': None}
2026-04-25 23:19:29.090 | INFO     | db.mongo:audit:76 - AUDIT | INST_OVERVIEW_ACCESS | user=superadmin-001 | {'institution_id': None}
2026-04-25 23:19:37.499 | INFO     | db.mongo:audit:76 - AUDIT | UCAR_OVERVIEW_ACCESS | user=superadmin-001 | None
2026-04-25 23:19:38.501 | INFO     | db.mongo:audit:76 - AUDIT | UCAR_OVERVIEW_ACCESS | user=superadmin-001 | None
2026-04-25 23:21:39.795 | INFO     | db.mongo:audit:76 - AUDIT | USER_LOGIN | user=7697c41e-0e41-437e-bc7c-b0f0d00e6904 | {'email': 'amal.mechergui@enstab.ucar.tn', 'role': 'student'}
2026-04-25 23:23:40.756 | INFO     | db.mongo:audit:76 - AUDIT | USER_REGISTER | user=75d673c2-0892-421f-8671-054b77b847ee | {'email': 'chaima@ucar.tn', 'role': 'teacher', 'status': 'pending'}
2026-04-25 23:23:45.928 | INFO     | db.mongo:audit:76 - AUDIT | USER_LOGIN | user=superadmin-001 | {'email': 'admin@ucar.tn', 'role': 'superucaradmin'}
2026-04-25 23:23:46.917 | INFO     | db.mongo:audit:76 - AUDIT | UCAR_OVERVIEW_ACCESS | user=superadmin-001 | None
2026-04-25 23:23:47.475 | INFO     | db.mongo:audit:76 - AUDIT | UCAR_OVERVIEW_ACCESS | user=superadmin-001 | None
2026-04-25 23:23:55.260 | INFO     | db.mongo:audit:76 - AUDIT | USER_APPROVED | user=superadmin-001 | {'target_user_id': '75d673c2-0892-421f-8671-054b77b847ee'}
2026-04-25 23:23:56.160 | INFO     | db.mongo:audit:76 - AUDIT | UCAR_OVERVIEW_ACCESS | user=superadmin-001 | None
2026-04-25 23:24:22.258 | INFO     | db.mongo:audit:76 - AUDIT | USER_LOGIN | user=75d673c2-0892-421f-8671-054b77b847ee | {'email': 'chaima@ucar.tn', 'role': 'teacher'}
2026-04-26 00:43:51.104 | INFO     | db.mongo:audit:76 - AUDIT | USER_LOGIN | user=75d673c2-0892-421f-8671-054b77b847ee | {'email': 'chaima@ucar.tn', 'role': 'teacher'}
2026-04-26 00:52:24.656 | INFO     | db.mongo:audit:76 - AUDIT | USER_LOGIN | user=75d673c2-0892-421f-8671-054b77b847ee | {'email': 'chaima@ucar.tn', 'role': 'teacher'}
2026-04-26 00:52:37.381 | INFO     | db.mongo:audit:76 - AUDIT | USER_LOGIN | user=superadmin-001 | {'email': 'admin@ucar.tn', 'role': 'superucaradmin'}
2026-04-26 00:52:38.230 | INFO     | db.mongo:audit:76 - AUDIT | UCAR_OVERVIEW_ACCESS | user=superadmin-001 | None
2026-04-26 00:52:38.980 | INFO     | db.mongo:audit:76 - AUDIT | UCAR_OVERVIEW_ACCESS | user=superadmin-001 | None
2026-04-26 00:54:30.688 | INFO     | db.mongo:get_db:37 - ✅ MongoDB connected: mongodb://localhost:27017/ucar_platform
2026-04-26 00:54:30.701 | INFO     | __main__:create_app:87 - ✅ Binôme B Flask app initialized
2026-04-26 00:54:30.747 | INFO     | __main__:<module>:105 - 🚀 Starting on port 5001
2026-04-26 00:55:30.982 | INFO     | db.mongo:audit:76 - AUDIT | UCAR_OVERVIEW_ACCESS | user=superadmin-001 | None
2026-04-26 00:55:32.990 | INFO     | db.mongo:audit:76 - AUDIT | UCAR_OVERVIEW_ACCESS | user=superadmin-001 | None
2026-04-26 00:55:58.957 | INFO     | db.mongo:audit:76 - AUDIT | UCAR_OVERVIEW_ACCESS | user=superadmin-001 | None
2026-04-26 00:56:00.106 | INFO     | db.mongo:audit:76 - AUDIT | UCAR_OVERVIEW_ACCESS | user=superadmin-001 | None
2026-04-26 00:56:54.158 | INFO     | db.mongo:audit:76 - AUDIT | INST_OVERVIEW_ACCESS | user=superadmin-001 | {'institution_id': None}
2026-04-26 00:56:54.979 | INFO     | db.mongo:audit:76 - AUDIT | INST_OVERVIEW_ACCESS | user=superadmin-001 | {'institution_id': None}
2026-04-26 00:57:25.586 | INFO     | db.mongo:audit:76 - AUDIT | USER_LOGIN | user=teacher-001 | {'email': 'prof@ucar.tn', 'role': 'teacher'}
2026-04-26 00:58:00.760 | INFO     | db.mongo:audit:76 - AUDIT | USER_LOGIN | user=superadmin-001 | {'email': 'admin@ucar.tn', 'role': 'superucaradmin'}
2026-04-26 00:58:02.041 | INFO     | db.mongo:audit:76 - AUDIT | UCAR_OVERVIEW_ACCESS | user=superadmin-001 | None
2026-04-26 00:58:02.695 | INFO     | db.mongo:audit:76 - AUDIT | UCAR_OVERVIEW_ACCESS | user=superadmin-001 | None
2026-04-26 00:58:18.763 | INFO     | db.mongo:audit:76 - AUDIT | USER_LOGIN | user=superadmin-001 | {'email': 'admin@ucar.tn', 'role': 'superucaradmin'}
2026-04-26 00:58:20.704 | INFO     | db.mongo:audit:76 - AUDIT | UCAR_OVERVIEW_ACCESS | user=superadmin-001 | None
2026-04-26 00:58:23.281 | INFO     | db.mongo:audit:76 - AUDIT | UCAR_OVERVIEW_ACCESS | user=superadmin-001 | None
2026-04-26 00:59:09.776 | INFO     | db.mongo:audit:76 - AUDIT | USER_LOGIN | user=superadmin-001 | {'email': 'admin@ucar.tn', 'role': 'superucaradmin'}
2026-04-26 00:59:11.527 | INFO     | db.mongo:audit:76 - AUDIT | UCAR_OVERVIEW_ACCESS | user=superadmin-001 | None
2026-04-26 00:59:13.035 | INFO     | db.mongo:audit:76 - AUDIT | UCAR_OVERVIEW_ACCESS | user=superadmin-001 | None
2026-04-26 00:59:21.568 | INFO     | db.mongo:audit:76 - AUDIT | UCAR_OVERVIEW_ACCESS | user=superadmin-001 | None
2026-04-26 00:59:23.137 | INFO     | db.mongo:audit:76 - AUDIT | UCAR_OVERVIEW_ACCESS | user=superadmin-001 | None
2026-04-26 00:59:51.256 | INFO     | db.mongo:audit:76 - AUDIT | USER_LOGIN | user=superadmin-001 | {'email': 'admin@ucar.tn', 'role': 'superucaradmin'}
2026-04-26 00:59:53.972 | INFO     | db.mongo:audit:76 - AUDIT | UCAR_OVERVIEW_ACCESS | user=superadmin-001 | None
2026-04-26 00:59:56.175 | INFO     | db.mongo:audit:76 - AUDIT | UCAR_OVERVIEW_ACCESS | user=superadmin-001 | None
2026-04-26 01:00:40.708 | INFO     | db.mongo:audit:76 - AUDIT | USER_REGISTER | user=cbae7c38-d05b-407c-8608-455cc0b61f73 | {'email': 'oussema@ucar.tn', 'role': 'institution_admin', 'status': 'pending'}
2026-04-26 01:00:45.906 | INFO     | db.mongo:audit:76 - AUDIT | USER_LOGIN | user=superadmin-001 | {'email': 'admin@ucar.tn', 'role': 'superucaradmin'}
2026-04-26 01:00:47.322 | INFO     | db.mongo:audit:76 - AUDIT | UCAR_OVERVIEW_ACCESS | user=superadmin-001 | None
2026-04-26 01:00:48.682 | INFO     | db.mongo:audit:76 - AUDIT | UCAR_OVERVIEW_ACCESS | user=superadmin-001 | None
2026-04-26 01:00:57.194 | INFO     | db.mongo:audit:76 - AUDIT | USER_APPROVED | user=superadmin-001 | {'target_user_id': 'cbae7c38-d05b-407c-8608-455cc0b61f73'}
2026-04-26 01:00:58.424 | INFO     | db.mongo:audit:76 - AUDIT | UCAR_OVERVIEW_ACCESS | user=superadmin-001 | None
2026-04-26 01:01:30.384 | INFO     | db.mongo:audit:76 - AUDIT | UCAR_OVERVIEW_ACCESS | user=superadmin-001 | None
2026-04-26 01:01:32.001 | INFO     | db.mongo:audit:76 - AUDIT | UCAR_OVERVIEW_ACCESS | user=superadmin-001 | None
2026-04-26 01:01:45.483 | INFO     | db.mongo:audit:76 - AUDIT | INST_OVERVIEW_ACCESS | user=superadmin-001 | {'institution_id': None}
2026-04-26 01:01:45.891 | INFO     | db.mongo:audit:76 - AUDIT | INST_OVERVIEW_ACCESS | user=superadmin-001 | {'institution_id': None}
2026-04-26 01:02:20.225 | INFO     | db.mongo:audit:76 - AUDIT | INST_OVERVIEW_ACCESS | user=superadmin-001 | {'institution_id': None}
2026-04-26 01:02:20.656 | INFO     | db.mongo:audit:76 - AUDIT | INST_OVERVIEW_ACCESS | user=superadmin-001 | {'institution_id': None}
2026-04-26 01:04:45.824 | INFO     | db.mongo:audit:76 - AUDIT | UCAR_OVERVIEW_ACCESS | user=superadmin-001 | None
2026-04-26 01:04:47.548 | INFO     | db.mongo:audit:76 - AUDIT | UCAR_OVERVIEW_ACCESS | user=superadmin-001 | None
2026-04-26 01:05:13.340 | INFO     | db.mongo:audit:76 - AUDIT | UCAR_OVERVIEW_ACCESS | user=superadmin-001 | None
2026-04-26 01:05:33.669 | INFO     | db.mongo:audit:76 - AUDIT | INST_OVERVIEW_ACCESS | user=superadmin-001 | {'institution_id': 'UCAR-FSJPST'}
2026-04-26 01:05:34.115 | INFO     | db.mongo:audit:76 - AUDIT | INST_OVERVIEW_ACCESS | user=superadmin-001 | {'institution_id': 'UCAR-FSJPST'}
2026-04-26 01:05:46.418 | INFO     | db.mongo:audit:76 - AUDIT | UCAR_OVERVIEW_ACCESS | user=superadmin-001 | None
2026-04-26 01:05:47.586 | INFO     | db.mongo:audit:76 - AUDIT | UCAR_OVERVIEW_ACCESS | user=superadmin-001 | None
2026-04-26 01:06:06.851 | INFO     | db.mongo:audit:76 - AUDIT | INST_OVERVIEW_ACCESS | user=superadmin-001 | {'institution_id': 'UCAR-IPEIB'}
2026-04-26 01:06:07.285 | INFO     | db.mongo:audit:76 - AUDIT | INST_OVERVIEW_ACCESS | user=superadmin-001 | {'institution_id': 'UCAR-IPEIB'}
2026-04-26 01:07:51.554 | INFO     | db.mongo:audit:76 - AUDIT | UCAR_OVERVIEW_ACCESS | user=superadmin-001 | None
2026-04-26 01:07:52.363 | INFO     | db.mongo:audit:76 - AUDIT | INST_OVERVIEW_ACCESS | user=superadmin-001 | {'institution_id': None}
2026-04-26 01:07:52.809 | INFO     | db.mongo:audit:76 - AUDIT | INST_OVERVIEW_ACCESS | user=superadmin-001 | {'institution_id': None}
2026-04-26 01:07:53.417 | INFO     | db.mongo:audit:76 - AUDIT | UCAR_OVERVIEW_ACCESS | user=superadmin-001 | None
2026-04-26 01:07:57.772 | INFO     | db.mongo:audit:76 - AUDIT | UCAR_OVERVIEW_ACCESS | user=superadmin-001 | None
2026-04-26 01:07:59.035 | INFO     | db.mongo:audit:76 - AUDIT | UCAR_OVERVIEW_ACCESS | user=superadmin-001 | None
2026-04-26 01:11:45.722 | INFO     | db.mongo:audit:76 - AUDIT | UCAR_OVERVIEW_ACCESS | user=superadmin-001 | None
2026-04-26 01:11:50.534 | INFO     | db.mongo:audit:76 - AUDIT | UCAR_OVERVIEW_ACCESS | user=superadmin-001 | None
2026-04-26 01:12:05.310 | INFO     | db.mongo:audit:76 - AUDIT | USER_LOGIN | user=75d673c2-0892-421f-8671-054b77b847ee | {'email': 'chaima@ucar.tn', 'role': 'teacher'}
2026-04-26 01:20:07.865 | INFO     | db.mongo:get_db:37 - ✅ MongoDB connected: mongodb://localhost:27017/ucar_platform
2026-04-26 01:20:07.881 | INFO     | app:create_app:87 - ✅ Binôme B Flask app initialized
2026-04-26 01:21:38.182 | INFO     | db.mongo:get_db:37 - ✅ MongoDB connected: mongodb://localhost:27017/ucar_platform
2026-04-26 01:21:38.204 | INFO     | __main__:create_app:87 - ✅ Binôme B Flask app initialized
2026-04-26 01:21:38.262 | INFO     | __main__:<module>:105 - 🚀 Starting on port 5001
2026-04-26 01:33:06.200 | INFO     | db.mongo:get_db:37 - ✅ MongoDB connected: mongodb://localhost:27017/ucar_platform
2026-04-26 01:33:06.231 | INFO     | __main__:create_app:87 - ✅ Binôme B Flask app initialized
2026-04-26 01:33:06.296 | INFO     | __main__:<module>:105 - 🚀 Starting on port 5001
2026-04-26 01:35:29.070 | INFO     | db.mongo:audit:84 - AUDIT | COURSE_ADDED | user=75d673c2-0892-421f-8671-054b77b847ee | {'title': 'Héritage'}
2026-04-26 01:36:13.735 | INFO     | db.mongo:audit:84 - AUDIT | EXAM_SCHEDULED | user=75d673c2-0892-421f-8671-054b77b847ee | {'subject': 'java avancée', 'type': 'DS'}
2026-04-26 01:39:43.850 | INFO     | db.mongo:audit:84 - AUDIT | USER_LOGIN | user=7697c41e-0e41-437e-bc7c-b0f0d00e6904 | {'email': 'amal.mechergui@enstab.ucar.tn', 'role': 'student'}
2026-04-26 01:42:06.178 | INFO     | db.mongo:get_db:37 - ✅ MongoDB connected: mongodb://localhost:27017/ucar_platform
2026-04-26 01:42:06.196 | INFO     | __main__:create_app:87 - ✅ Binôme B Flask app initialized
2026-04-26 01:42:06.250 | INFO     | __main__:<module>:105 - 🚀 Starting on port 5001
2026-04-26 01:48:06.269 | INFO     | db.mongo:get_db:37 - ✅ MongoDB connected: mongodb://localhost:27017/ucar_platform
2026-04-26 01:48:06.465 | INFO     | __main__:create_app:87 - ✅ Binôme B Flask app initialized
2026-04-26 01:48:06.920 | INFO     | __main__:<module>:105 - 🚀 Starting on port 5001
2026-04-26 01:48:41.108 | INFO     | db.mongo:audit:84 - AUDIT | USER_REGISTER | user=057a0f73-738a-4b9a-8b50-0cc5111f59e8 | {'email': 'amine@ucar.tn', 'role': 'student', 'status': 'pending'}
2026-04-26 01:48:49.213 | INFO     | db.mongo:audit:84 - AUDIT | USER_LOGIN | user=superadmin-001 | {'email': 'admin@ucar.tn', 'role': 'superucaradmin'}
2026-04-26 01:48:50.177 | INFO     | db.mongo:audit:84 - AUDIT | UCAR_OVERVIEW_ACCESS | user=superadmin-001 | None
2026-04-26 01:48:51.337 | INFO     | db.mongo:audit:84 - AUDIT | UCAR_OVERVIEW_ACCESS | user=superadmin-001 | None
2026-04-26 01:48:56.834 | INFO     | db.mongo:audit:84 - AUDIT | USER_APPROVED | user=superadmin-001 | {'target_user_id': '057a0f73-738a-4b9a-8b50-0cc5111f59e8'}
2026-04-26 01:48:57.674 | INFO     | db.mongo:audit:84 - AUDIT | UCAR_OVERVIEW_ACCESS | user=superadmin-001 | None
2026-04-26 01:49:27.729 | INFO     | db.mongo:audit:84 - AUDIT | USER_LOGIN | user=057a0f73-738a-4b9a-8b50-0cc5111f59e8 | {'email': 'amine@ucar.tn', 'role': 'student'}
2026-04-26 01:51:16.446 | INFO     | db.mongo:audit:84 - AUDIT | STUDENT_REQUEST | user=057a0f73-738a-4b9a-8b50-0cc5111f59e8 | {'type': 'Attestation de présence', 'status': 'pending'}
2026-04-26 01:53:41.398 | INFO     | db.mongo:audit:84 - AUDIT | STUDENT_EVENT_PROPOSED | user=057a0f73-738a-4b9a-8b50-0cc5111f59e8 | {'title': 'Hack4Ucar', 'club': 'ACM'}
2026-04-26 01:53:54.227 | INFO     | db.mongo:audit:84 - AUDIT | USER_LOGIN | user=superadmin-001 | {'email': 'admin@ucar.tn', 'role': 'superucaradmin'}
2026-04-26 01:53:56.215 | INFO     | db.mongo:audit:84 - AUDIT | UCAR_OVERVIEW_ACCESS | user=superadmin-001 | None
2026-04-26 01:53:57.596 | INFO     | db.mongo:audit:84 - AUDIT | UCAR_OVERVIEW_ACCESS | user=superadmin-001 | None
2026-04-26 01:54:22.556 | INFO     | db.mongo:audit:84 - AUDIT | USER_LOGIN | user=superadmin-001 | {'email': 'admin@ucar.tn', 'role': 'superucaradmin'}
2026-04-26 01:54:23.288 | INFO     | db.mongo:audit:84 - AUDIT | UCAR_OVERVIEW_ACCESS | user=superadmin-001 | None
2026-04-26 01:54:24.252 | INFO     | db.mongo:audit:84 - AUDIT | UCAR_OVERVIEW_ACCESS | user=superadmin-001 | None
2026-04-26 01:55:11.088 | INFO     | db.mongo:audit:84 - AUDIT | INST_OVERVIEW_ACCESS | user=superadmin-001 | {'institution_id': None}
2026-04-26 01:55:11.437 | INFO     | db.mongo:audit:84 - AUDIT | INST_OVERVIEW_ACCESS | user=superadmin-001 | {'institution_id': None}
2026-04-26 01:55:37.759 | INFO     | db.mongo:audit:84 - AUDIT | USER_LOGIN | user=cbae7c38-d05b-407c-8608-455cc0b61f73 | {'email': 'oussema@ucar.tn', 'role': 'institution_admin'}
2026-04-26 01:55:38.207 | INFO     | db.mongo:audit:84 - AUDIT | INST_OVERVIEW_ACCESS | user=cbae7c38-d05b-407c-8608-455cc0b61f73 | {'institution_id': 'UCAR-SUPCOM'}
2026-04-26 01:55:38.886 | INFO     | db.mongo:audit:84 - AUDIT | INST_OVERVIEW_ACCESS | user=cbae7c38-d05b-407c-8608-455cc0b61f73 | {'institution_id': 'UCAR-SUPCOM'}
2026-04-26 02:00:29.998 | INFO     | db.mongo:get_db:37 - ✅ MongoDB connected: mongodb://localhost:27017/ucar_platform
2026-04-26 02:00:30.029 | INFO     | __main__:create_app:87 - ✅ Binôme B Flask app initialized
2026-04-26 02:00:30.111 | INFO     | __main__:<module>:105 - 🚀 Starting on port 5001
2026-04-26 02:08:37.941 | INFO     | db.mongo:audit:84 - AUDIT | USER_LOGIN | user=superadmin-001 | {'email': 'admin@ucar.tn', 'role': 'superucaradmin'}
2026-04-26 02:08:38.672 | INFO     | db.mongo:audit:84 - AUDIT | UCAR_OVERVIEW_ACCESS | user=superadmin-001 | None
2026-04-26 02:08:39.383 | INFO     | db.mongo:audit:84 - AUDIT | UCAR_OVERVIEW_ACCESS | user=superadmin-001 | None
2026-04-26 02:09:22.711 | INFO     | db.mongo:audit:84 - AUDIT | INST_OVERVIEW_ACCESS | user=superadmin-001 | {'institution_id': 'UCAR-ESEN'}
2026-04-26 02:09:23.051 | INFO     | db.mongo:audit:84 - AUDIT | INST_OVERVIEW_ACCESS | user=superadmin-001 | {'institution_id': 'UCAR-ESEN'}
2026-04-26 02:09:29.361 | INFO     | db.mongo:audit:84 - AUDIT | UCAR_OVERVIEW_ACCESS | user=superadmin-001 | None
2026-04-26 02:09:30.414 | INFO     | db.mongo:audit:84 - AUDIT | UCAR_OVERVIEW_ACCESS | user=superadmin-001 | None
2026-04-26 02:10:39.590 | INFO     | db.mongo:audit:84 - AUDIT | INST_OVERVIEW_ACCESS | user=superadmin-001 | {'institution_id': None}
2026-04-26 02:10:39.929 | INFO     | db.mongo:audit:84 - AUDIT | INST_OVERVIEW_ACCESS | user=superadmin-001 | {'institution_id': None}
2026-04-26 02:10:59.959 | INFO     | db.mongo:audit:84 - AUDIT | USER_LOGIN | user=75d673c2-0892-421f-8671-054b77b847ee | {'email': 'chaima@ucar.tn', 'role': 'teacher'}
2026-04-26 02:20:35.668 | INFO     | db.mongo:audit:84 - AUDIT | USER_LOGIN | user=superadmin-001 | {'email': 'admin@ucar.tn', 'role': 'superucaradmin'}
2026-04-26 02:20:36.825 | INFO     | db.mongo:audit:84 - AUDIT | UCAR_OVERVIEW_ACCESS | user=superadmin-001 | None
2026-04-26 02:20:38.518 | INFO     | db.mongo:audit:84 - AUDIT | UCAR_OVERVIEW_ACCESS | user=superadmin-001 | None
2026-04-26 02:24:48.754 | INFO     | db.mongo:audit:84 - AUDIT | INST_OVERVIEW_ACCESS | user=superadmin-001 | {'institution_id': None}
2026-04-26 02:24:49.102 | INFO     | db.mongo:audit:84 - AUDIT | INST_OVERVIEW_ACCESS | user=superadmin-001 | {'institution_id': None}
2026-04-26 02:24:55.334 | INFO     | db.mongo:audit:84 - AUDIT | UCAR_OVERVIEW_ACCESS | user=superadmin-001 | None
2026-04-26 02:24:56.450 | INFO     | db.mongo:audit:84 - AUDIT | UCAR_OVERVIEW_ACCESS | user=superadmin-001 | None
2026-04-26 02:28:30.984 | INFO     | db.mongo:audit:84 - AUDIT | USER_LOGIN | user=7697c41e-0e41-437e-bc7c-b0f0d00e6904 | {'email': 'amal.mechergui@enstab.ucar.tn', 'role': 'student'}
2026-04-26 02:28:52.838 | INFO     | db.mongo:audit:84 - AUDIT | USER_LOGIN | user=cbae7c38-d05b-407c-8608-455cc0b61f73 | {'email': 'oussema@ucar.tn', 'role': 'institution_admin'}
2026-04-26 02:28:53.657 | INFO     | db.mongo:audit:84 - AUDIT | INST_OVERVIEW_ACCESS | user=cbae7c38-d05b-407c-8608-455cc0b61f73 | {'institution_id': 'UCAR-SUPCOM'}
2026-04-26 02:28:54.026 | INFO     | db.mongo:audit:84 - AUDIT | INST_OVERVIEW_ACCESS | user=cbae7c38-d05b-407c-8608-455cc0b61f73 | {'institution_id': 'UCAR-SUPCOM'}
2026-04-26 02:31:16.047 | INFO     | db.mongo:audit:84 - AUDIT | INST_OVERVIEW_ACCESS | user=cbae7c38-d05b-407c-8608-455cc0b61f73 | {'institution_id': 'UCAR-SUPCOM'}
2026-04-26 02:31:16.386 | INFO     | db.mongo:audit:84 - AUDIT | INST_OVERVIEW_ACCESS | user=cbae7c38-d05b-407c-8608-455cc0b61f73 | {'institution_id': 'UCAR-SUPCOM'}
2026-04-26 02:31:58.779 | INFO     | db.mongo:audit:84 - AUDIT | INST_OVERVIEW_ACCESS | user=cbae7c38-d05b-407c-8608-455cc0b61f73 | {'institution_id': 'UCAR-SUPCOM'}
2026-04-26 02:31:59.112 | INFO     | db.mongo:audit:84 - AUDIT | INST_OVERVIEW_ACCESS | user=cbae7c38-d05b-407c-8608-455cc0b61f73 | {'institution_id': 'UCAR-SUPCOM'}
2026-04-26 02:32:32.347 | INFO     | db.mongo:audit:84 - AUDIT | USER_LOGIN | user=057a0f73-738a-4b9a-8b50-0cc5111f59e8 | {'email': 'amine@ucar.tn', 'role': 'student'}
2026-04-26 02:33:11.971 | INFO     | db.mongo:audit:84 - AUDIT | USER_LOGIN | user=057a0f73-738a-4b9a-8b50-0cc5111f59e8 | {'email': 'amine@ucar.tn', 'role': 'student'}
2026-04-26 02:33:46.328 | INFO     | db.mongo:audit:84 - AUDIT | USER_LOGIN | user=cbae7c38-d05b-407c-8608-455cc0b61f73 | {'email': 'oussema@ucar.tn', 'role': 'institution_admin'}
2026-04-26 02:33:47.101 | INFO     | db.mongo:audit:84 - AUDIT | INST_OVERVIEW_ACCESS | user=cbae7c38-d05b-407c-8608-455cc0b61f73 | {'institution_id': 'UCAR-SUPCOM'}
2026-04-26 02:33:47.498 | INFO     | db.mongo:audit:84 - AUDIT | INST_OVERVIEW_ACCESS | user=cbae7c38-d05b-407c-8608-455cc0b61f73 | {'institution_id': 'UCAR-SUPCOM'}
2026-04-26 02:38:25.635 | INFO     | db.mongo:audit:84 - AUDIT | USER_LOGIN | user=cbae7c38-d05b-407c-8608-455cc0b61f73 | {'email': 'oussema@ucar.tn', 'role': 'institution_admin'}
2026-04-26 02:38:26.350 | INFO     | db.mongo:audit:84 - AUDIT | INST_OVERVIEW_ACCESS | user=cbae7c38-d05b-407c-8608-455cc0b61f73 | {'institution_id': 'UCAR-SUPCOM'}
2026-04-26 02:38:26.684 | INFO     | db.mongo:audit:84 - AUDIT | INST_OVERVIEW_ACCESS | user=cbae7c38-d05b-407c-8608-455cc0b61f73 | {'institution_id': 'UCAR-SUPCOM'}
2026-04-26 02:38:40.358 | INFO     | db.mongo:audit:84 - AUDIT | USER_LOGIN | user=75d673c2-0892-421f-8671-054b77b847ee | {'email': 'chaima@ucar.tn', 'role': 'teacher'}
2026-04-26 02:44:06.369 | INFO     | db.mongo:audit:84 - AUDIT | USER_LOGIN | user=superadmin-001 | {'email': 'admin@ucar.tn', 'role': 'superucaradmin'}
2026-04-26 02:44:07.071 | INFO     | db.mongo:audit:84 - AUDIT | UCAR_OVERVIEW_ACCESS | user=superadmin-001 | None
2026-04-26 02:44:07.855 | INFO     | db.mongo:audit:84 - AUDIT | UCAR_OVERVIEW_ACCESS | user=superadmin-001 | None
2026-04-26 02:44:45.490 | INFO     | db.mongo:audit:84 - AUDIT | INST_OVERVIEW_ACCESS | user=superadmin-001 | {'institution_id': 'UCAR-ISI'}
2026-04-26 02:44:45.850 | INFO     | db.mongo:audit:84 - AUDIT | INST_OVERVIEW_ACCESS | user=superadmin-001 | {'institution_id': 'UCAR-ISI'}
2026-04-26 02:45:21.281 | INFO     | db.mongo:audit:84 - AUDIT | INST_OVERVIEW_ACCESS | user=superadmin-001 | {'institution_id': None}
2026-04-26 02:45:21.614 | INFO     | db.mongo:audit:84 - AUDIT | INST_OVERVIEW_ACCESS | user=superadmin-001 | {'institution_id': None}
2026-04-26 02:45:24.903 | INFO     | db.mongo:audit:84 - AUDIT | UCAR_OVERVIEW_ACCESS | user=superadmin-001 | None
2026-04-26 02:45:25.552 | INFO     | db.mongo:audit:84 - AUDIT | UCAR_OVERVIEW_ACCESS | user=superadmin-001 | None
2026-04-26 02:45:36.067 | INFO     | db.mongo:audit:84 - AUDIT | INST_OVERVIEW_ACCESS | user=superadmin-001 | {'institution_id': 'UCAR-ENAU'}
2026-04-26 02:45:36.424 | INFO     | db.mongo:audit:84 - AUDIT | INST_OVERVIEW_ACCESS | user=superadmin-001 | {'institution_id': 'UCAR-ENAU'}
2026-04-26 02:46:26.524 | INFO     | db.mongo:audit:84 - AUDIT | USER_LOGIN | user=75d673c2-0892-421f-8671-054b77b847ee | {'email': 'chaima@ucar.tn', 'role': 'teacher'}
2026-04-26 02:47:17.134 | INFO     | db.mongo:audit:84 - AUDIT | USER_PROFILE_UPDATE | user=75d673c2-0892-421f-8671-054b77b847ee | {'fields': ['name', 'phone', 'bio', 'profile_image']}
2026-04-26 02:48:08.680 | INFO     | db.mongo:audit:84 - AUDIT | USER_LOGIN | user=7697c41e-0e41-437e-bc7c-b0f0d00e6904 | {'email': 'amal.mechergui@enstab.ucar.tn', 'role': 'student'}
2026-04-26 02:48:35.508 | INFO     | db.mongo:audit:84 - AUDIT | USER_PROFILE_UPDATE | user=7697c41e-0e41-437e-bc7c-b0f0d00e6904 | {'fields': ['name', 'phone', 'bio', 'profile_image']}
2026-04-26 02:49:51.249 | INFO     | db.mongo:audit:84 - AUDIT | USER_LOGIN | user=superadmin-001 | {'email': 'admin@ucar.tn', 'role': 'superucaradmin'}
2026-04-26 02:49:52.169 | INFO     | db.mongo:audit:84 - AUDIT | UCAR_OVERVIEW_ACCESS | user=superadmin-001 | None
2026-04-26 02:49:52.719 | INFO     | db.mongo:audit:84 - AUDIT | UCAR_OVERVIEW_ACCESS | user=superadmin-001 | None
2026-04-26 02:51:18.211 | INFO     | db.mongo:audit:84 - AUDIT | INST_OVERVIEW_ACCESS | user=superadmin-001 | {'institution_id': 'UCAR-INSAT'}
2026-04-26 02:51:18.633 | INFO     | db.mongo:audit:84 - AUDIT | INST_OVERVIEW_ACCESS | user=superadmin-001 | {'institution_id': 'UCAR-INSAT'}
2026-04-26 02:51:26.708 | INFO     | db.mongo:audit:84 - AUDIT | INST_OVERVIEW_ACCESS | user=superadmin-001 | {'institution_id': None}
2026-04-26 02:51:28.219 | INFO     | db.mongo:audit:84 - AUDIT | UCAR_OVERVIEW_ACCESS | user=superadmin-001 | None
2026-04-26 02:51:28.714 | INFO     | db.mongo:audit:84 - AUDIT | UCAR_OVERVIEW_ACCESS | user=superadmin-001 | None
2026-04-26 02:51:48.975 | INFO     | db.mongo:audit:84 - AUDIT | INST_OVERVIEW_ACCESS | user=superadmin-001 | {'institution_id': None}
2026-04-26 02:51:49.301 | INFO     | db.mongo:audit:84 - AUDIT | INST_OVERVIEW_ACCESS | user=superadmin-001 | {'institution_id': None}
2026-04-26 02:52:01.686 | INFO     | db.mongo:audit:84 - AUDIT | UCAR_OVERVIEW_ACCESS | user=superadmin-001 | None
2026-04-26 02:52:02.246 | INFO     | db.mongo:audit:84 - AUDIT | UCAR_OVERVIEW_ACCESS | user=superadmin-001 | None
2026-04-26 02:52:42.294 | INFO     | db.mongo:audit:84 - AUDIT | INST_OVERVIEW_ACCESS | user=superadmin-001 | {'institution_id': None}
2026-04-26 02:52:42.627 | INFO     | db.mongo:audit:84 - AUDIT | INST_OVERVIEW_ACCESS | user=superadmin-001 | {'institution_id': None}
2026-04-26 02:55:42.122 | INFO     | db.mongo:audit:84 - AUDIT | USER_LOGIN | user=superadmin-001 | {'email': 'admin@ucar.tn', 'role': 'superucaradmin'}
2026-04-26 02:55:42.758 | INFO     | db.mongo:audit:84 - AUDIT | UCAR_OVERVIEW_ACCESS | user=superadmin-001 | None
2026-04-26 02:55:43.347 | INFO     | db.mongo:audit:84 - AUDIT | UCAR_OVERVIEW_ACCESS | user=superadmin-001 | None
2026-04-26 03:01:18.666 | INFO     | db.mongo:audit:84 - AUDIT | FILE_INGESTION_STARTED | user=superadmin-001 | {'institution_id': None, 'filename': 'institutions.csv', 'ingestion_id': 'ing-20260426020118'}
2026-04-26 03:01:18.836 | INFO     | api.routes.ingestion_routes:process:76 - Ingestion terminée : {'status': 'success', 'rows_processed': 10, 'institution_id': None}
2026-04-26 03:03:20.819 | INFO     | db.mongo:audit:84 - AUDIT | UCAR_OVERVIEW_ACCESS | user=superadmin-001 | None
2026-04-26 03:03:21.431 | INFO     | db.mongo:audit:84 - AUDIT | UCAR_OVERVIEW_ACCESS | user=superadmin-001 | None
2026-04-26 03:19:11.399 | INFO     | db.mongo:audit:84 - AUDIT | INST_OVERVIEW_ACCESS | user=superadmin-001 | {'institution_id': None}
2026-04-26 03:19:11.759 | INFO     | db.mongo:audit:84 - AUDIT | INST_OVERVIEW_ACCESS | user=superadmin-001 | {'institution_id': None}
2026-04-26 03:19:36.363 | INFO     | db.mongo:audit:84 - AUDIT | USER_LOGIN | user=cbae7c38-d05b-407c-8608-455cc0b61f73 | {'email': 'oussema@ucar.tn', 'role': 'institution_admin'}
2026-04-26 03:19:37.189 | INFO     | db.mongo:audit:84 - AUDIT | INST_OVERVIEW_ACCESS | user=cbae7c38-d05b-407c-8608-455cc0b61f73 | {'institution_id': 'UCAR-SUPCOM'}
2026-04-26 03:19:37.523 | INFO     | db.mongo:audit:84 - AUDIT | INST_OVERVIEW_ACCESS | user=cbae7c38-d05b-407c-8608-455cc0b61f73 | {'institution_id': 'UCAR-SUPCOM'}
2026-04-26 03:20:53.615 | INFO     | db.mongo:audit:84 - AUDIT | USER_LOGIN | user=superadmin-001 | {'email': 'admin@ucar.tn', 'role': 'superucaradmin'}
2026-04-26 03:20:54.317 | INFO     | db.mongo:audit:84 - AUDIT | UCAR_OVERVIEW_ACCESS | user=superadmin-001 | None
2026-04-26 03:20:54.608 | INFO     | db.mongo:audit:84 - AUDIT | UCAR_OVERVIEW_ACCESS | user=superadmin-001 | None
2026-04-26 03:22:08.824 | INFO     | db.mongo:audit:84 - AUDIT | INST_OVERVIEW_ACCESS | user=superadmin-001 | {'institution_id': None}
2026-04-26 03:22:09.231 | INFO     | db.mongo:audit:84 - AUDIT | INST_OVERVIEW_ACCESS | user=superadmin-001 | {'institution_id': None}
2026-04-26 03:22:34.034 | INFO     | db.mongo:audit:84 - AUDIT | UCAR_OVERVIEW_ACCESS | user=superadmin-001 | None
2026-04-26 03:22:34.747 | INFO     | db.mongo:audit:84 - AUDIT | UCAR_OVERVIEW_ACCESS | user=superadmin-001 | None
2026-04-26 03:32:06.184 | INFO     | db.mongo:audit:84 - AUDIT | USER_LOGIN | user=superadmin-001 | {'email': 'admin@ucar.tn', 'role': 'superucaradmin'}
2026-04-26 03:32:06.863 | INFO     | db.mongo:audit:84 - AUDIT | UCAR_OVERVIEW_ACCESS | user=superadmin-001 | None
2026-04-26 03:32:07.529 | INFO     | db.mongo:audit:84 - AUDIT | UCAR_OVERVIEW_ACCESS | user=superadmin-001 | None
2026-04-26 04:20:05.511 | INFO     | db.mongo:audit:84 - AUDIT | UCAR_OVERVIEW_ACCESS | user=superadmin-001 | None
2026-04-26 04:20:07.863 | INFO     | db.mongo:audit:84 - AUDIT | UCAR_OVERVIEW_ACCESS | user=superadmin-001 | None
2026-04-26 04:20:52.042 | INFO     | db.mongo:audit:84 - AUDIT | USER_LOGIN | user=75d673c2-0892-421f-8671-054b77b847ee | {'email': 'chaima@ucar.tn', 'role': 'teacher'}
2026-04-26 04:20:56.214 | INFO     | db.mongo:audit:84 - AUDIT | USER_LOGIN | user=75d673c2-0892-421f-8671-054b77b847ee | {'email': 'chaima@ucar.tn', 'role': 'teacher'}
2026-04-26 04:41:21.896 | INFO     | db.mongo:audit:84 - AUDIT | USER_LOGIN | user=75d673c2-0892-421f-8671-054b77b847ee | {'email': 'chaima@ucar.tn', 'role': 'teacher'}
2026-04-26 04:41:30.021 | INFO     | db.mongo:audit:84 - AUDIT | USER_LOGIN | user=superadmin-001 | {'email': 'admin@ucar.tn', 'role': 'superucaradmin'}
2026-04-26 04:41:30.647 | INFO     | db.mongo:audit:84 - AUDIT | UCAR_OVERVIEW_ACCESS | user=superadmin-001 | None
2026-04-26 04:41:31.488 | INFO     | db.mongo:audit:84 - AUDIT | UCAR_OVERVIEW_ACCESS | user=superadmin-001 | None
2026-04-26 04:53:27.903 | INFO     | db.mongo:get_db:37 - ✅ MongoDB connected: mongodb://localhost:27017/ucar_platform
2026-04-26 04:53:27.917 | INFO     | __main__:create_app:87 - ✅ Binôme B Flask app initialized
2026-04-26 04:53:27.938 | INFO     | __main__:<module>:105 - 🚀 Starting on port 5001
2026-04-26 04:54:29.374 | INFO     | db.mongo:get_db:37 - ✅ MongoDB connected: mongodb://localhost:27017/ucar_platform
2026-04-26 04:54:29.388 | INFO     | __main__:create_app:87 - ✅ Binôme B Flask app initialized
2026-04-26 04:54:29.412 | INFO     | __main__:<module>:105 - 🚀 Starting on port 5001
2026-04-26 05:08:18.603 | INFO     | db.mongo:audit:84 - AUDIT | USER_LOGIN | user=superadmin-001 | {'email': 'admin@ucar.tn', 'role': 'superucaradmin'}
2026-04-26 05:08:19.210 | INFO     | db.mongo:audit:84 - AUDIT | UCAR_OVERVIEW_ACCESS | user=superadmin-001 | None
2026-04-26 05:08:19.636 | INFO     | db.mongo:audit:84 - AUDIT | UCAR_OVERVIEW_ACCESS | user=superadmin-001 | None
2026-04-26 05:09:55.554 | INFO     | db.mongo:audit:84 - AUDIT | USER_LOGIN | user=75d673c2-0892-421f-8671-054b77b847ee | {'email': 'chaima@ucar.tn', 'role': 'teacher'}
2026-04-26 05:16:04.821 | INFO     | db.mongo:get_db:37 - ✅ MongoDB connected: mongodb://localhost:27017/ucar_platform
2026-04-26 05:16:04.834 | INFO     | __main__:create_app:87 - ✅ Binôme B Flask app initialized
2026-04-26 05:16:04.856 | INFO     | __main__:<module>:105 - 🚀 Starting on port 5001
2026-04-26 05:21:27.863 | INFO     | db.mongo:get_db:37 - ✅ MongoDB connected: mongodb://localhost:27017/ucar_platform
2026-04-26 05:21:27.875 | INFO     | __main__:create_app:87 - ✅ Binôme B Flask app initialized
2026-04-26 05:21:27.897 | INFO     | __main__:<module>:105 - 🚀 Starting on port 5001
2026-04-26 05:24:19.036 | INFO     | db.mongo:audit:84 - AUDIT | USER_LOGIN | user=057a0f73-738a-4b9a-8b50-0cc5111f59e8 | {'email': 'amine@ucar.tn', 'role': 'student'}
2026-04-26 05:25:36.317 | INFO     | db.mongo:audit:84 - AUDIT | USER_LOGIN | user=057a0f73-738a-4b9a-8b50-0cc5111f59e8 | {'email': 'amine@ucar.tn', 'role': 'student'}
2026-04-26 05:25:57.615 | INFO     | db.mongo:audit:84 - AUDIT | USER_LOGIN | user=75d673c2-0892-421f-8671-054b77b847ee | {'email': 'chaima@ucar.tn', 'role': 'teacher'}
2026-04-26 05:26:31.378 | INFO     | db.mongo:audit:84 - AUDIT | USER_LOGIN | user=cbae7c38-d05b-407c-8608-455cc0b61f73 | {'email': 'oussema@ucar.tn', 'role': 'institution_admin'}
2026-04-26 05:26:32.195 | INFO     | db.mongo:audit:84 - AUDIT | INST_OVERVIEW_ACCESS | user=cbae7c38-d05b-407c-8608-455cc0b61f73 | {'institution_id': 'UCAR-SUPCOM'}
2026-04-26 05:26:32.534 | INFO     | db.mongo:audit:84 - AUDIT | INST_OVERVIEW_ACCESS | user=cbae7c38-d05b-407c-8608-455cc0b61f73 | {'institution_id': 'UCAR-SUPCOM'}
2026-04-26 05:26:57.437 | INFO     | db.mongo:audit:84 - AUDIT | INST_OVERVIEW_ACCESS | user=cbae7c38-d05b-407c-8608-455cc0b61f73 | {'institution_id': 'UCAR-SUPCOM'}
2026-04-26 05:26:57.778 | INFO     | db.mongo:audit:84 - AUDIT | INST_OVERVIEW_ACCESS | user=cbae7c38-d05b-407c-8608-455cc0b61f73 | {'institution_id': 'UCAR-SUPCOM'}
2026-04-26 05:30:47.494 | INFO     | db.mongo:audit:84 - AUDIT | USER_LOGIN | user=cbae7c38-d05b-407c-8608-455cc0b61f73 | {'email': 'oussema@ucar.tn', 'role': 'institution_admin'}
2026-04-26 05:30:48.222 | INFO     | db.mongo:audit:84 - AUDIT | INST_OVERVIEW_ACCESS | user=cbae7c38-d05b-407c-8608-455cc0b61f73 | {'institution_id': 'UCAR-SUPCOM'}
2026-04-26 05:30:48.596 | INFO     | db.mongo:audit:84 - AUDIT | INST_OVERVIEW_ACCESS | user=cbae7c38-d05b-407c-8608-455cc0b61f73 | {'institution_id': 'UCAR-SUPCOM'}
2026-04-26 05:31:08.578 | INFO     | db.mongo:audit:84 - AUDIT | USER_LOGIN | user=superadmin-001 | {'email': 'admin@ucar.tn', 'role': 'superucaradmin'}
2026-04-26 05:31:09.405 | INFO     | db.mongo:audit:84 - AUDIT | UCAR_OVERVIEW_ACCESS | user=superadmin-001 | None
2026-04-26 05:31:10.097 | INFO     | db.mongo:audit:84 - AUDIT | UCAR_OVERVIEW_ACCESS | user=superadmin-001 | None
2026-04-26 05:31:27.468 | INFO     | db.mongo:audit:84 - AUDIT | INST_OVERVIEW_ACCESS | user=superadmin-001 | {'institution_id': 'UCAR-FSJPST'}
2026-04-26 05:31:27.799 | INFO     | db.mongo:audit:84 - AUDIT | INST_OVERVIEW_ACCESS | user=superadmin-001 | {'institution_id': 'UCAR-FSJPST'}
2026-04-26 05:31:36.688 | INFO     | db.mongo:audit:84 - AUDIT | UCAR_OVERVIEW_ACCESS | user=superadmin-001 | None
2026-04-26 05:31:37.451 | INFO     | db.mongo:audit:84 - AUDIT | UCAR_OVERVIEW_ACCESS | user=superadmin-001 | None
2026-04-26 06:35:38.894 | INFO     | db.mongo:audit:84 - AUDIT | USER_LOGIN | user=superadmin-001 | {'email': 'admin@ucar.tn', 'role': 'superucaradmin'}
2026-04-26 06:35:40.035 | INFO     | db.mongo:audit:84 - AUDIT | UCAR_OVERVIEW_ACCESS | user=superadmin-001 | None
2026-04-26 06:35:41.138 | INFO     | db.mongo:audit:84 - AUDIT | UCAR_OVERVIEW_ACCESS | user=superadmin-001 | None
2026-04-26 06:36:58.947 | INFO     | db.mongo:audit:84 - AUDIT | UCAR_OVERVIEW_ACCESS | user=superadmin-001 | None
2026-04-26 06:37:00.038 | INFO     | db.mongo:audit:84 - AUDIT | UCAR_OVERVIEW_ACCESS | user=superadmin-001 | None
2026-04-26 06:38:18.074 | INFO     | db.mongo:audit:84 - AUDIT | INST_OVERVIEW_ACCESS | user=superadmin-001 | {'institution_id': 'UCAR-INAT'}
2026-04-26 06:38:18.550 | INFO     | db.mongo:audit:84 - AUDIT | INST_OVERVIEW_ACCESS | user=superadmin-001 | {'institution_id': 'UCAR-INAT'}
2026-04-26 06:39:22.136 | INFO     | db.mongo:audit:84 - AUDIT | USER_LOGIN | user=superadmin-001 | {'email': 'admin@ucar.tn', 'role': 'superucaradmin'}
2026-04-26 06:39:23.353 | INFO     | db.mongo:audit:84 - AUDIT | UCAR_OVERVIEW_ACCESS | user=superadmin-001 | None
2026-04-26 06:39:24.997 | INFO     | db.mongo:audit:84 - AUDIT | UCAR_OVERVIEW_ACCESS | user=superadmin-001 | None
2026-04-26 06:39:45.902 | INFO     | db.mongo:audit:84 - AUDIT | INST_OVERVIEW_ACCESS | user=superadmin-001 | {'institution_id': None}
2026-04-26 06:39:46.282 | INFO     | db.mongo:audit:84 - AUDIT | INST_OVERVIEW_ACCESS | user=superadmin-001 | {'institution_id': None}
2026-04-26 06:39:55.825 | INFO     | db.mongo:audit:84 - AUDIT | UCAR_OVERVIEW_ACCESS | user=superadmin-001 | None
2026-04-26 06:39:57.028 | INFO     | db.mongo:audit:84 - AUDIT | UCAR_OVERVIEW_ACCESS | user=superadmin-001 | None
2026-04-26 06:51:28.185 | INFO     | db.mongo:audit:84 - AUDIT | UCAR_OVERVIEW_ACCESS | user=superadmin-001 | None
2026-04-26 06:51:28.820 | INFO     | db.mongo:audit:84 - AUDIT | UCAR_OVERVIEW_ACCESS | user=superadmin-001 | None
2026-04-26 06:57:22.747 | INFO     | db.mongo:audit:84 - AUDIT | UCAR_OVERVIEW_ACCESS | user=superadmin-001 | None
2026-04-26 06:57:23.378 | INFO     | db.mongo:audit:84 - AUDIT | UCAR_OVERVIEW_ACCESS | user=superadmin-001 | None
2026-04-26 07:02:40.289 | INFO     | db.mongo:audit:84 - AUDIT | INST_OVERVIEW_ACCESS | user=superadmin-001 | {'institution_id': 'UCAR-IHEC'}
2026-04-26 07:02:40.750 | INFO     | db.mongo:audit:84 - AUDIT | INST_OVERVIEW_ACCESS | user=superadmin-001 | {'institution_id': 'UCAR-IHEC'}
2026-04-26 07:05:09.597 | INFO     | db.mongo:audit:84 - AUDIT | INST_OVERVIEW_ACCESS | user=superadmin-001 | {'institution_id': 'UCAR-IHEC'}
2026-04-26 07:05:09.976 | INFO     | db.mongo:audit:84 - AUDIT | INST_OVERVIEW_ACCESS | user=superadmin-001 | {'institution_id': 'UCAR-IHEC'}
2026-04-26 07:13:41.275 | INFO     | db.mongo:audit:84 - AUDIT | UCAR_OVERVIEW_ACCESS | user=superadmin-001 | None
2026-04-26 07:13:41.744 | INFO     | db.mongo:audit:84 - AUDIT | UCAR_OVERVIEW_ACCESS | user=superadmin-001 | None
2026-04-26 07:30:34.967 | INFO     | db.mongo:audit:84 - AUDIT | USER_LOGIN | user=superadmin-001 | {'email': 'admin@ucar.tn', 'role': 'superucaradmin'}
2026-04-26 07:30:35.594 | INFO     | db.mongo:audit:84 - AUDIT | UCAR_OVERVIEW_ACCESS | user=superadmin-001 | None
2026-04-26 07:30:36.755 | INFO     | db.mongo:audit:84 - AUDIT | UCAR_OVERVIEW_ACCESS | user=superadmin-001 | None
2026-04-26 07:31:26.839 | INFO     | db.mongo:audit:84 - AUDIT | UCAR_OVERVIEW_ACCESS | user=superadmin-001 | None
2026-04-26 07:31:27.181 | INFO     | db.mongo:audit:84 - AUDIT | UCAR_OVERVIEW_ACCESS | user=superadmin-001 | None
2026-04-26 07:32:50.025 | INFO     | db.mongo:audit:84 - AUDIT | UCAR_OVERVIEW_ACCESS | user=superadmin-001 | None
2026-04-26 07:32:50.508 | INFO     | db.mongo:audit:84 - AUDIT | UCAR_OVERVIEW_ACCESS | user=superadmin-001 | None
2026-04-26 07:36:30.758 | INFO     | db.mongo:audit:84 - AUDIT | UCAR_OVERVIEW_ACCESS | user=superadmin-001 | None
2026-04-26 07:36:31.549 | INFO     | db.mongo:audit:84 - AUDIT | UCAR_OVERVIEW_ACCESS | user=superadmin-001 | None
2026-04-26 07:40:00.899 | INFO     | db.mongo:audit:84 - AUDIT | UCAR_OVERVIEW_ACCESS | user=superadmin-001 | None
2026-04-26 07:40:01.188 | INFO     | db.mongo:audit:84 - AUDIT | UCAR_OVERVIEW_ACCESS | user=superadmin-001 | None
2026-04-26 08:13:38.739 | INFO     | db.mongo:audit:84 - AUDIT | UCAR_OVERVIEW_ACCESS | user=superadmin-001 | None
2026-04-26 08:13:39.256 | INFO     | db.mongo:audit:84 - AUDIT | UCAR_OVERVIEW_ACCESS | user=superadmin-001 | None
2026-04-26 08:14:14.671 | INFO     | db.mongo:audit:84 - AUDIT | UCAR_OVERVIEW_ACCESS | user=superadmin-001 | None
2026-04-26 08:14:15.361 | INFO     | db.mongo:audit:84 - AUDIT | UCAR_OVERVIEW_ACCESS | user=superadmin-001 | None
2026-04-26 08:19:21.244 | INFO     | db.mongo:audit:84 - AUDIT | UCAR_OVERVIEW_ACCESS | user=superadmin-001 | None
2026-04-26 08:19:21.622 | INFO     | db.mongo:audit:84 - AUDIT | UCAR_OVERVIEW_ACCESS | user=superadmin-001 | None
2026-04-26 08:21:53.845 | INFO     | db.mongo:audit:84 - AUDIT | UCAR_OVERVIEW_ACCESS | user=superadmin-001 | None
2026-04-26 08:21:54.150 | INFO     | db.mongo:audit:84 - AUDIT | UCAR_OVERVIEW_ACCESS | user=superadmin-001 | None
2026-04-26 08:25:30.396 | INFO     | db.mongo:audit:84 - AUDIT | UCAR_OVERVIEW_ACCESS | user=superadmin-001 | None
2026-04-26 08:25:40.199 | INFO     | db.mongo:audit:84 - AUDIT | UCAR_OVERVIEW_ACCESS | user=superadmin-001 | None
2026-04-26 08:25:40.892 | INFO     | db.mongo:audit:84 - AUDIT | UCAR_OVERVIEW_ACCESS | user=superadmin-001 | None
2026-04-26 08:29:00.627 | INFO     | db.mongo:audit:84 - AUDIT | UCAR_OVERVIEW_ACCESS | user=superadmin-001 | None
2026-04-26 08:29:00.918 | INFO     | db.mongo:audit:84 - AUDIT | UCAR_OVERVIEW_ACCESS | user=superadmin-001 | None
2026-04-26 08:35:11.843 | INFO     | db.mongo:audit:84 - AUDIT | USER_LOGIN | user=superadmin-001 | {'email': 'admin@ucar.tn', 'role': 'superucaradmin'}
2026-04-26 08:35:12.534 | INFO     | db.mongo:audit:84 - AUDIT | UCAR_OVERVIEW_ACCESS | user=superadmin-001 | None
2026-04-26 08:35:13.599 | INFO     | db.mongo:audit:84 - AUDIT | UCAR_OVERVIEW_ACCESS | user=superadmin-001 | None
2026-04-26 08:38:56.794 | INFO     | db.mongo:audit:84 - AUDIT | UCAR_OVERVIEW_ACCESS | user=superadmin-001 | None
2026-04-26 08:38:57.087 | INFO     | db.mongo:audit:84 - AUDIT | UCAR_OVERVIEW_ACCESS | user=superadmin-001 | None
2026-04-26 08:39:19.462 | INFO     | db.mongo:audit:84 - AUDIT | UCAR_OVERVIEW_ACCESS | user=superadmin-001 | None
2026-04-26 08:39:20.050 | INFO     | db.mongo:audit:84 - AUDIT | UCAR_OVERVIEW_ACCESS | user=superadmin-001 | None
2026-04-26 08:42:01.300 | INFO     | db.mongo:audit:84 - AUDIT | UCAR_OVERVIEW_ACCESS | user=superadmin-001 | None
2026-04-26 08:42:02.981 | INFO     | db.mongo:audit:84 - AUDIT | UCAR_OVERVIEW_ACCESS | user=superadmin-001 | None
2026-04-26 08:52:23.460 | INFO     | db.mongo:audit:84 - AUDIT | UCAR_OVERVIEW_ACCESS | user=superadmin-001 | None
2026-04-26 08:52:23.917 | INFO     | db.mongo:audit:84 - AUDIT | UCAR_OVERVIEW_ACCESS | user=superadmin-001 | None
2026-04-26 08:53:32.873 | INFO     | db.mongo:audit:84 - AUDIT | UCAR_OVERVIEW_ACCESS | user=superadmin-001 | None
2026-04-26 08:53:33.462 | INFO     | db.mongo:audit:84 - AUDIT | UCAR_OVERVIEW_ACCESS | user=superadmin-001 | None
2026-04-26 09:00:47.998 | INFO     | db.mongo:audit:84 - AUDIT | UCAR_OVERVIEW_ACCESS | user=superadmin-001 | None
2026-04-26 09:00:48.681 | INFO     | db.mongo:audit:84 - AUDIT | UCAR_OVERVIEW_ACCESS | user=superadmin-001 | None
2026-04-26 09:01:25.693 | INFO     | db.mongo:audit:84 - AUDIT | UCAR_OVERVIEW_ACCESS | user=superadmin-001 | None
2026-04-26 09:01:26.466 | INFO     | db.mongo:audit:84 - AUDIT | UCAR_OVERVIEW_ACCESS | user=superadmin-001 | None
2026-04-26 09:01:46.696 | INFO     | db.mongo:audit:84 - AUDIT | UCAR_OVERVIEW_ACCESS | user=superadmin-001 | None
2026-04-26 09:01:46.895 | INFO     | db.mongo:audit:84 - AUDIT | UCAR_OVERVIEW_ACCESS | user=superadmin-001 | None
2026-04-26 09:02:12.709 | INFO     | db.mongo:audit:84 - AUDIT | UCAR_OVERVIEW_ACCESS | user=superadmin-001 | None
2026-04-26 09:02:13.626 | INFO     | db.mongo:audit:84 - AUDIT | UCAR_OVERVIEW_ACCESS | user=superadmin-001 | None
2026-04-26 09:02:27.833 | INFO     | db.mongo:audit:84 - AUDIT | UCAR_OVERVIEW_ACCESS | user=superadmin-001 | None
2026-04-26 09:02:28.621 | INFO     | db.mongo:audit:84 - AUDIT | UCAR_OVERVIEW_ACCESS | user=superadmin-001 | None
2026-04-26 09:02:48.386 | INFO     | db.mongo:audit:84 - AUDIT | UCAR_OVERVIEW_ACCESS | user=superadmin-001 | None
2026-04-26 09:02:48.668 | INFO     | db.mongo:audit:84 - AUDIT | UCAR_OVERVIEW_ACCESS | user=superadmin-001 | None
2026-04-26 09:03:08.873 | INFO     | db.mongo:audit:84 - AUDIT | UCAR_OVERVIEW_ACCESS | user=superadmin-001 | None
2026-04-26 09:03:09.515 | INFO     | db.mongo:audit:84 - AUDIT | UCAR_OVERVIEW_ACCESS | user=superadmin-001 | None
2026-04-26 09:03:43.206 | INFO     | db.mongo:audit:84 - AUDIT | UCAR_OVERVIEW_ACCESS | user=superadmin-001 | None
2026-04-26 09:03:43.908 | INFO     | db.mongo:audit:84 - AUDIT | UCAR_OVERVIEW_ACCESS | user=superadmin-001 | None
2026-04-26 09:04:07.947 | INFO     | db.mongo:audit:84 - AUDIT | UCAR_OVERVIEW_ACCESS | user=superadmin-001 | None
2026-04-26 09:04:08.617 | INFO     | db.mongo:audit:84 - AUDIT | UCAR_OVERVIEW_ACCESS | user=superadmin-001 | None
2026-04-26 09:04:33.416 | INFO     | db.mongo:audit:84 - AUDIT | UCAR_OVERVIEW_ACCESS | user=superadmin-001 | None
2026-04-26 09:04:34.220 | INFO     | db.mongo:audit:84 - AUDIT | UCAR_OVERVIEW_ACCESS | user=superadmin-001 | None
2026-04-26 09:04:53.550 | INFO     | db.mongo:audit:84 - AUDIT | UCAR_OVERVIEW_ACCESS | user=superadmin-001 | None
2026-04-26 09:04:53.861 | INFO     | db.mongo:audit:84 - AUDIT | UCAR_OVERVIEW_ACCESS | user=superadmin-001 | None
2026-04-26 09:05:22.787 | INFO     | db.mongo:audit:84 - AUDIT | UCAR_OVERVIEW_ACCESS | user=superadmin-001 | None
2026-04-26 09:05:23.371 | INFO     | db.mongo:audit:84 - AUDIT | UCAR_OVERVIEW_ACCESS | user=superadmin-001 | None
